[2026-03-15 01:49:09] Running hourly improvement check...
[2026-03-15 01:49:09] Stats updated: datasets=12581, projects=346, countries=91
[2026-03-15 01:49:09] Validation: HTML structure OK
[2026-03-15 01:49:09] File sizes: CSS=24743B JS=7663B HTML=25847B
[2026-03-15 01:49:09] CSS minified
[2026-03-15 01:49:09] JS minified
[2026-03-15 01:49:09] Changes committed and pushed
[2026-03-15 01:49:09] Site status: 404 at https://deonmenezes.github.io/robotics-for-social-good/
[2026-03-15 01:49:09] Improvement cycle complete
---
[2026-03-15 02:19:28] Running hourly improvement check...
[2026-03-15 02:19:28] Stats updated: datasets=12582, projects=346, countries=91
[2026-03-15 02:19:28] Validation: HTML structure OK
[2026-03-15 02:19:28] File sizes: CSS=24743B JS=7663B HTML=25847B
[2026-03-15 02:19:28] Changes committed and pushed
[2026-03-15 02:19:28] Site status: 200 at https://deonmenezes.github.io/robotics-for-social-good/
[2026-03-15 02:19:28] Improvement cycle complete
---
[2026-03-15 03:19:27] Running hourly improvement check...
[2026-03-15 03:19:27] Stats updated: datasets=12583, projects=346, countries=91
[2026-03-15 03:19:27] Validation: HTML structure OK
[2026-03-15 03:19:27] File sizes: CSS=24743B JS=7663B HTML=25847B
[2026-03-15 03:19:27] Changes committed and pushed
[2026-03-15 03:19:27] Site status: 200 at https://deonmenezes.github.io/robotics-for-social-good/
[2026-03-15 03:19:27] Improvement cycle complete
---
[2026-03-15 04:19:27] Running hourly improvement check...
[2026-03-15 04:19:27] Stats updated: datasets=12584, projects=346, countries=91
[2026-03-15 04:19:27] Validation: HTML structure OK
[2026-03-15 04:19:27] File sizes: CSS=24743B JS=7663B HTML=25847B
